Logging started at Wed Mar 12 19:10:46 2025
[DBG ][bool gpio::rpi::native::Gpio::Handler::InputPin::initialize()] Obtained input pin[16] file descriptor 5
[INFO][gpio::rpi::native::Gpio::Handler::InputPin::InputPin(gpio::rpi::native::Gpio::Handler*, int32_t)] Created input pin: 16
[DBG ][bool gpio::rpi::native::Gpio::Handler::InputPin::initialize()] Obtained input pin[21] file descriptor 6
[INFO][gpio::rpi::native::Gpio::Handler::InputPin::InputPin(gpio::rpi::native::Gpio::Handler*, int32_t)] Created input pin: 21
[INFO][gpio::rpi::native::Gpio::Handler::Handler(const gpio::rpi::native::config_t&)::<lambda()>] Input pins monitoring started
[DBG ][int32_t gpio::rpi::native::Gpio::Handler::InputPin::waitforevent(int32_t) const] Got interrupt from pin[21] file descriptor 6
[DBG ][int32_t gpio::rpi::native::Gpio::Handler::InputPin::waitforevent(int32_t) const] Read for pin[21] data size: 16 event size: 16
[DBG ][int32_t gpio::rpi::native::Gpio::Handler::InputPin::waitforevent(int32_t) const] Read for pin[21] id: 2
[WARN][bool gpio::rpi::native::Gpio::Handler::InputPin::notifyclients()] Pin[21] cannot notify clients, events num: 1
[DBG ][int32_t gpio::rpi::native::Gpio::Handler::InputPin::waitforevent(int32_t) const] Got interrupt from pin[16] file descriptor 5
[DBG ][int32_t gpio::rpi::native::Gpio::Handler::InputPin::waitforevent(int32_t) const] Read for pin[16] data size: 16 event size: 16
[DBG ][int32_t gpio::rpi::native::Gpio::Handler::InputPin::waitforevent(int32_t) const] Read for pin[16] id: 2
[WARN][bool gpio::rpi::native::Gpio::Handler::InputPin::notifyclients()] Pin[16] cannot notify clients, events num: 1
[DBG ][int32_t gpio::rpi::native::Gpio::Handler::InputPin::waitforevent(int32_t) const] Got interrupt from pin[16] file descriptor 5
[DBG ][int32_t gpio::rpi::native::Gpio::Handler::InputPin::waitforevent(int32_t) const] Read for pin[16] data size: 16 event size: 16
[DBG ][int32_t gpio::rpi::native::Gpio::Handler::InputPin::waitforevent(int32_t) const] Read for pin[16] id: 2
[DBG ][int32_t gpio::rpi::native::Gpio::Handler::InputPin::waitforevent(int32_t) const] Got interrupt from pin[16] file descriptor 5
[DBG ][int32_t gpio::rpi::native::Gpio::Handler::InputPin::waitforevent(int32_t) const] Read for pin[16] data size: 16 event size: 16
[DBG ][int32_t gpio::rpi::native::Gpio::Handler::InputPin::waitforevent(int32_t) const] Read for pin[16] id: 2
[WARN][bool gpio::rpi::native::Gpio::Handler::InputPin::notifyclients()] Pin[16] cannot notify clients, events num: 2
[DBG ][int32_t gpio::rpi::native::Gpio::Handler::InputPin::waitforevent(int32_t) const] Got interrupt from pin[21] file descriptor 6
[DBG ][int32_t gpio::rpi::native::Gpio::Handler::InputPin::waitforevent(int32_t) const] Read for pin[21] data size: 16 event size: 16
[DBG ][int32_t gpio::rpi::native::Gpio::Handler::InputPin::waitforevent(int32_t) const] Read for pin[21] id: 2
[DBG ][int32_t gpio::rpi::native::Gpio::Handler::InputPin::waitforevent(int32_t) const] Got interrupt from pin[21] file descriptor 6
[DBG ][int32_t gpio::rpi::native::Gpio::Handler::InputPin::waitforevent(int32_t) const] Read for pin[21] data size: 16 event size: 16
[DBG ][int32_t gpio::rpi::native::Gpio::Handler::InputPin::waitforevent(int32_t) const] Read for pin[21] id: 2
[DBG ][int32_t gpio::rpi::native::Gpio::Handler::InputPin::waitforevent(int32_t) const] Got interrupt from pin[21] file descriptor 6
[DBG ][int32_t gpio::rpi::native::Gpio::Handler::InputPin::waitforevent(int32_t) const] Read for pin[21] data size: 16 event size: 16
[DBG ][int32_t gpio::rpi::native::Gpio::Handler::InputPin::waitforevent(int32_t) const] Read for pin[21] id: 2
[WARN][bool gpio::rpi::native::Gpio::Handler::InputPin::notifyclients()] Pin[21] cannot notify clients, events num: 2
[INFO][gpio::rpi::native::Gpio::Handler::~Handler()] Input pins operation ended
[INFO][gpio::rpi::native::Gpio::Handler::InputPin::~InputPin()] Removed input pin: 21
[INFO][gpio::rpi::native::Gpio::Handler::InputPin::~InputPin()] Removed input pin: 16
[DBG ][bool gpio::rpi::native::Gpio::Handler::InputPin::initialize()] Obtained input pin[16] file descriptor 5
[INFO][gpio::rpi::native::Gpio::Handler::InputPin::InputPin(gpio::rpi::native::Gpio::Handler*, int32_t)] Created input pin: 16
[DBG ][bool gpio::rpi::native::Gpio::Handler::InputPin::initialize()] Obtained input pin[21] file descriptor 6
[INFO][gpio::rpi::native::Gpio::Handler::InputPin::InputPin(gpio::rpi::native::Gpio::Handler*, int32_t)] Created input pin: 21
[DBG ][bool gpio::rpi::native::Gpio::Handler::observe(int32_t, std::shared_ptr<Observer<std::pair<int, int> > >)] Adding observer 0x5556039a54e0 for pin 16
[DBG ][bool gpio::rpi::native::Gpio::Handler::observe(int32_t, std::shared_ptr<Observer<std::pair<int, int> > >)] Adding observer 0x5556039a54e0 for pin 21
[INFO][gpio::rpi::native::Gpio::Handler::Handler(const gpio::rpi::native::config_t&)::<lambda()>] Input pins monitoring started
[DBG ][int32_t gpio::rpi::native::Gpio::Handler::InputPin::waitforevent(int32_t) const] Got interrupt from pin[21] file descriptor 6
[DBG ][int32_t gpio::rpi::native::Gpio::Handler::InputPin::waitforevent(int32_t) const] Read for pin[21] data size: 16 event size: 16
[DBG ][int32_t gpio::rpi::native::Gpio::Handler::InputPin::waitforevent(int32_t) const] Read for pin[21] id: 2
[DBG ][int32_t gpio::rpi::native::Gpio::Handler::InputPin::waitforevent(int32_t) const] Got interrupt from pin[21] file descriptor 6
[DBG ][int32_t gpio::rpi::native::Gpio::Handler::InputPin::waitforevent(int32_t) const] Read for pin[21] data size: 16 event size: 16
[DBG ][int32_t gpio::rpi::native::Gpio::Handler::InputPin::waitforevent(int32_t) const] Read for pin[21] id: 2
[DBG ][bool gpio::rpi::native::Gpio::Handler::InputPin::notifyclients()] Pin[21] clients notified, events num: 2
[DBG ][int32_t gpio::rpi::native::Gpio::Handler::InputPin::waitforevent(int32_t) const] Got interrupt from pin[16] file descriptor 5
[DBG ][int32_t gpio::rpi::native::Gpio::Handler::InputPin::waitforevent(int32_t) const] Read for pin[16] data size: 16 event size: 16
[DBG ][int32_t gpio::rpi::native::Gpio::Handler::InputPin::waitforevent(int32_t) const] Read for pin[16] id: 2
[DBG ][bool gpio::rpi::native::Gpio::Handler::InputPin::notifyclients()] Pin[16] clients notified, events num: 1
[DBG ][int32_t gpio::rpi::native::Gpio::Handler::InputPin::waitforevent(int32_t) const] Got interrupt from pin[21] file descriptor 6
[DBG ][int32_t gpio::rpi::native::Gpio::Handler::InputPin::waitforevent(int32_t) const] Read for pin[21] data size: 16 event size: 16
[DBG ][int32_t gpio::rpi::native::Gpio::Handler::InputPin::waitforevent(int32_t) const] Read for pin[21] id: 2
[DBG ][int32_t gpio::rpi::native::Gpio::Handler::InputPin::waitforevent(int32_t) const] Got interrupt from pin[21] file descriptor 6
[DBG ][int32_t gpio::rpi::native::Gpio::Handler::InputPin::waitforevent(int32_t) const] Read for pin[21] data size: 16 event size: 16
[DBG ][int32_t gpio::rpi::native::Gpio::Handler::InputPin::waitforevent(int32_t) const] Read for pin[21] id: 2
[DBG ][bool gpio::rpi::native::Gpio::Handler::InputPin::notifyclients()] Pin[21] clients notified, events num: 1
[DBG ][int32_t gpio::rpi::native::Gpio::Handler::InputPin::waitforevent(int32_t) const] Got interrupt from pin[16] file descriptor 5
[DBG ][int32_t gpio::rpi::native::Gpio::Handler::InputPin::waitforevent(int32_t) const] Read for pin[16] data size: 16 event size: 16
[DBG ][int32_t gpio::rpi::native::Gpio::Handler::InputPin::waitforevent(int32_t) const] Read for pin[16] id: 2
[DBG ][int32_t gpio::rpi::native::Gpio::Handler::InputPin::waitforevent(int32_t) const] Got interrupt from pin[16] file descriptor 5
[DBG ][int32_t gpio::rpi::native::Gpio::Handler::InputPin::waitforevent(int32_t) const] Read for pin[16] data size: 16 event size: 16
[DBG ][int32_t gpio::rpi::native::Gpio::Handler::InputPin::waitforevent(int32_t) const] Read for pin[16] id: 2
[DBG ][int32_t gpio::rpi::native::Gpio::Handler::InputPin::waitforevent(int32_t) const] Got interrupt from pin[16] file descriptor 5
[DBG ][int32_t gpio::rpi::native::Gpio::Handler::InputPin::waitforevent(int32_t) const] Read for pin[16] data size: 16 event size: 16
[DBG ][int32_t gpio::rpi::native::Gpio::Handler::InputPin::waitforevent(int32_t) const] Read for pin[16] id: 2
[DBG ][int32_t gpio::rpi::native::Gpio::Handler::InputPin::waitforevent(int32_t) const] Got interrupt from pin[16] file descriptor 5
[DBG ][int32_t gpio::rpi::native::Gpio::Handler::InputPin::waitforevent(int32_t) const] Read for pin[16] data size: 16 event size: 16
[DBG ][int32_t gpio::rpi::native::Gpio::Handler::InputPin::waitforevent(int32_t) const] Read for pin[16] id: 2
[DBG ][bool gpio::rpi::native::Gpio::Handler::InputPin::notifyclients()] Pin[16] clients notified, events num: 3
[DBG ][int32_t gpio::rpi::native::Gpio::Handler::InputPin::waitforevent(int32_t) const] Got interrupt from pin[16] file descriptor 5
[DBG ][int32_t gpio::rpi::native::Gpio::Handler::InputPin::waitforevent(int32_t) const] Read for pin[16] data size: 16 event size: 16
[DBG ][int32_t gpio::rpi::native::Gpio::Handler::InputPin::waitforevent(int32_t) const] Read for pin[16] id: 2
[DBG ][int32_t gpio::rpi::native::Gpio::Handler::InputPin::waitforevent(int32_t) const] Got interrupt from pin[16] file descriptor 5
[DBG ][int32_t gpio::rpi::native::Gpio::Handler::InputPin::waitforevent(int32_t) const] Read for pin[16] data size: 16 event size: 16
[DBG ][int32_t gpio::rpi::native::Gpio::Handler::InputPin::waitforevent(int32_t) const] Read for pin[16] id: 2
[DBG ][int32_t gpio::rpi::native::Gpio::Handler::InputPin::waitforevent(int32_t) const] Got interrupt from pin[16] file descriptor 5
[DBG ][int32_t gpio::rpi::native::Gpio::Handler::InputPin::waitforevent(int32_t) const] Read for pin[16] data size: 16 event size: 16
[DBG ][int32_t gpio::rpi::native::Gpio::Handler::InputPin::waitforevent(int32_t) const] Read for pin[16] id: 2
[DBG ][int32_t gpio::rpi::native::Gpio::Handler::InputPin::waitforevent(int32_t) const] Got interrupt from pin[16] file descriptor 5
[DBG ][int32_t gpio::rpi::native::Gpio::Handler::InputPin::waitforevent(int32_t) const] Read for pin[16] data size: 16 event size: 16
[DBG ][int32_t gpio::rpi::native::Gpio::Handler::InputPin::waitforevent(int32_t) const] Read for pin[16] id: 2
[DBG ][int32_t gpio::rpi::native::Gpio::Handler::InputPin::waitforevent(int32_t) const] Got interrupt from pin[16] file descriptor 5
[DBG ][int32_t gpio::rpi::native::Gpio::Handler::InputPin::waitforevent(int32_t) const] Read for pin[16] data size: 16 event size: 16
[DBG ][int32_t gpio::rpi::native::Gpio::Handler::InputPin::waitforevent(int32_t) const] Read for pin[16] id: 2
[DBG ][int32_t gpio::rpi::native::Gpio::Handler::InputPin::waitforevent(int32_t) const] Got interrupt from pin[16] file descriptor 5
[DBG ][int32_t gpio::rpi::native::Gpio::Handler::InputPin::waitforevent(int32_t) const] Read for pin[16] data size: 16 event size: 16
[DBG ][int32_t gpio::rpi::native::Gpio::Handler::InputPin::waitforevent(int32_t) const] Read for pin[16] id: 2
[DBG ][int32_t gpio::rpi::native::Gpio::Handler::InputPin::waitforevent(int32_t) const] Got interrupt from pin[16] file descriptor 5
[DBG ][int32_t gpio::rpi::native::Gpio::Handler::InputPin::waitforevent(int32_t) const] Read for pin[16] data size: 16 event size: 16
[DBG ][int32_t gpio::rpi::native::Gpio::Handler::InputPin::waitforevent(int32_t) const] Read for pin[16] id: 2
[DBG ][bool gpio::rpi::native::Gpio::Handler::InputPin::notifyclients()] Pin[16] clients notified, events num: 6
[DBG ][bool gpio::rpi::native::Gpio::Handler::unobserve(int32_t, std::shared_ptr<Observer<std::pair<int, int> > >)] Removing observer 0x5556039a54e0 for pin 16
[INFO][gpio::rpi::native::Gpio::Handler::~Handler()] Input pins operation ended
[INFO][gpio::rpi::native::Gpio::Handler::InputPin::~InputPin()] Removed input pin: 21
[INFO][gpio::rpi::native::Gpio::Handler::InputPin::~InputPin()] Removed input pin: 16
[DBG ][bool gpio::rpi::native::Gpio::Handler::OutputPin::initialize()] Obtained output pin[17] file descriptor 5
[INFO][gpio::rpi::native::Gpio::Handler::OutputPin::OutputPin(gpio::rpi::native::Gpio::Handler*, int32_t)] Created output pin: 17, type: normal
[DBG ][bool gpio::rpi::native::Gpio::Handler::OutputPin::initialize()] Obtained output pin[22] file descriptor 6
[INFO][gpio::rpi::native::Gpio::Handler::OutputPin::OutputPin(gpio::rpi::native::Gpio::Handler*, int32_t)] Created output pin: 22, type: normal
[INFO][gpio::rpi::native::Gpio::Handler::Handler(const gpio::rpi::native::config_t&)] Output pins operation started
[DBG ][bool gpio::rpi::native::Gpio::Handler::OutputPin::write(uint8_t) const] Pin[17] written to: 1
[DBG ][bool gpio::rpi::native::Gpio::Handler::OutputPin::set() const] Pin[17] set high
[DBG ][bool gpio::rpi::native::Gpio::Handler::OutputPin::write(uint8_t) const] Pin[22] written to: 0
[DBG ][bool gpio::rpi::native::Gpio::Handler::OutputPin::clear() const] Pin[22] set low
[DBG ][bool gpio::rpi::native::Gpio::Handler::OutputPin::write(uint8_t) const] Pin[17] written to: 0
[DBG ][bool gpio::rpi::native::Gpio::Handler::OutputPin::clear() const] Pin[17] set low
[DBG ][bool gpio::rpi::native::Gpio::Handler::OutputPin::write(uint8_t) const] Pin[22] written to: 1
[DBG ][bool gpio::rpi::native::Gpio::Handler::OutputPin::set() const] Pin[22] set high
[DBG ][bool gpio::rpi::native::Gpio::Handler::OutputPin::write(uint8_t) const] Pin[17] written to: 1
[DBG ][bool gpio::rpi::native::Gpio::Handler::OutputPin::toggle() const] Pin[17] toggled
[DBG ][bool gpio::rpi::native::Gpio::Handler::OutputPin::write(uint8_t) const] Pin[22] written to: 0
[DBG ][bool gpio::rpi::native::Gpio::Handler::OutputPin::toggle() const] Pin[22] toggled
[DBG ][bool gpio::rpi::native::Gpio::Handler::OutputPin::write(uint8_t) const] Pin[17] written to: 0
[DBG ][bool gpio::rpi::native::Gpio::Handler::OutputPin::toggle() const] Pin[17] toggled
[DBG ][bool gpio::rpi::native::Gpio::Handler::OutputPin::write(uint8_t) const] Pin[22] written to: 1
[DBG ][bool gpio::rpi::native::Gpio::Handler::OutputPin::toggle() const] Pin[22] toggled
[INFO][gpio::rpi::native::Gpio::Handler::~Handler()] Output pins operation ended
[DBG ][bool gpio::rpi::native::Gpio::Handler::OutputPin::write(uint8_t) const] Pin[22] written to: 0
[DBG ][bool gpio::rpi::native::Gpio::Handler::OutputPin::clear() const] Pin[22] set low
[INFO][gpio::rpi::native::Gpio::Handler::OutputPin::~OutputPin()] Removed output pin: 22, type: normal
[DBG ][bool gpio::rpi::native::Gpio::Handler::OutputPin::write(uint8_t) const] Pin[17] written to: 0
[DBG ][bool gpio::rpi::native::Gpio::Handler::OutputPin::clear() const] Pin[17] set low
[INFO][gpio::rpi::native::Gpio::Handler::OutputPin::~OutputPin()] Removed output pin: 17, type: normal
[DBG ][bool gpio::rpi::native::Gpio::Handler::OutputPin::initialize()] Obtained output pin[17] file descriptor 5
[INFO][gpio::rpi::native::Gpio::Handler::OutputPin::OutputPin(gpio::rpi::native::Gpio::Handler*, int32_t)] Created output pin: 17, type: inverted
[DBG ][bool gpio::rpi::native::Gpio::Handler::OutputPin::initialize()] Obtained output pin[22] file descriptor 6
[INFO][gpio::rpi::native::Gpio::Handler::OutputPin::OutputPin(gpio::rpi::native::Gpio::Handler*, int32_t)] Created output pin: 22, type: inverted
[INFO][gpio::rpi::native::Gpio::Handler::Handler(const gpio::rpi::native::config_t&)] Output pins operation started
[DBG ][bool gpio::rpi::native::Gpio::Handler::OutputPin::write(uint8_t) const] Pin[17] written to: 0
[DBG ][bool gpio::rpi::native::Gpio::Handler::OutputPin::set() const] Pin[17] set high
[DBG ][bool gpio::rpi::native::Gpio::Handler::OutputPin::write(uint8_t) const] Pin[22] written to: 1
[DBG ][bool gpio::rpi::native::Gpio::Handler::OutputPin::clear() const] Pin[22] set low
[DBG ][bool gpio::rpi::native::Gpio::Handler::OutputPin::write(uint8_t) const] Pin[17] written to: 1
[DBG ][bool gpio::rpi::native::Gpio::Handler::OutputPin::clear() const] Pin[17] set low
[DBG ][bool gpio::rpi::native::Gpio::Handler::OutputPin::write(uint8_t) const] Pin[22] written to: 0
[DBG ][bool gpio::rpi::native::Gpio::Handler::OutputPin::set() const] Pin[22] set high
[DBG ][bool gpio::rpi::native::Gpio::Handler::OutputPin::write(uint8_t) const] Pin[17] written to: 0
[DBG ][bool gpio::rpi::native::Gpio::Handler::OutputPin::toggle() const] Pin[17] toggled
[DBG ][bool gpio::rpi::native::Gpio::Handler::OutputPin::write(uint8_t) const] Pin[22] written to: 1
[DBG ][bool gpio::rpi::native::Gpio::Handler::OutputPin::toggle() const] Pin[22] toggled
[DBG ][bool gpio::rpi::native::Gpio::Handler::OutputPin::write(uint8_t) const] Pin[17] written to: 1
[DBG ][bool gpio::rpi::native::Gpio::Handler::OutputPin::toggle() const] Pin[17] toggled
[DBG ][bool gpio::rpi::native::Gpio::Handler::OutputPin::write(uint8_t) const] Pin[22] written to: 0
[DBG ][bool gpio::rpi::native::Gpio::Handler::OutputPin::toggle() const] Pin[22] toggled
[INFO][gpio::rpi::native::Gpio::Handler::~Handler()] Output pins operation ended
[DBG ][bool gpio::rpi::native::Gpio::Handler::OutputPin::write(uint8_t) const] Pin[22] written to: 1
[DBG ][bool gpio::rpi::native::Gpio::Handler::OutputPin::clear() const] Pin[22] set low
[INFO][gpio::rpi::native::Gpio::Handler::OutputPin::~OutputPin()] Removed output pin: 22, type: inverted
[DBG ][bool gpio::rpi::native::Gpio::Handler::OutputPin::write(uint8_t) const] Pin[17] written to: 1
[DBG ][bool gpio::rpi::native::Gpio::Handler::OutputPin::clear() const] Pin[17] set low
[INFO][gpio::rpi::native::Gpio::Handler::OutputPin::~OutputPin()] Removed output pin: 17, type: inverted
